2025-04-18 11:41:28.785249: I external/local_xla/xla/tsl/cuda/cudart_stub.cc:32] Could not find cuda drivers on your machine, GPU will not be used.
2025-04-18 11:41:28.788005: I external/local_xla/xla/tsl/cuda/cudart_stub.cc:32] Could not find cuda drivers on your machine, GPU will not be used.
2025-04-18 11:41:28.796674: E external/local_xla/xla/stream_executor/cuda/cuda_fft.cc:467] Unable to register cuFFT factory: Attempting to register factory for plugin cuFFT when one has already been registered
WARNING: All log messages before absl::InitializeLog() is called are written to STDERR
E0000 00:00:1744969288.810719 2007785 cuda_dnn.cc:8579] Unable to register cuDNN factory: Attempting to register factory for plugin cuDNN when one has already been registered
E0000 00:00:1744969288.815063 2007785 cuda_blas.cc:1407] Unable to register cuBLAS factory: Attempting to register factory for plugin cuBLAS when one has already been registered
W0000 00:00:1744969288.940229 2007785 computation_placer.cc:177] computation placer already registered. Please check linkage and avoid linking the same target more than once.
W0000 00:00:1744969288.940256 2007785 computation_placer.cc:177] computation placer already registered. Please check linkage and avoid linking the same target more than once.
W0000 00:00:1744969288.940259 2007785 computation_placer.cc:177] computation placer already registered. Please check linkage and avoid linking the same target more than once.
W0000 00:00:1744969288.940261 2007785 computation_placer.cc:177] computation placer already registered. Please check linkage and avoid linking the same target more than once.
2025-04-18 11:41:28.943812: I tensorflow/core/platform/cpu_feature_guard.cc:210] This TensorFlow binary is optimized to use available CPU instructions in performance-critical operations.
To enable the following instructions: AVX2 FMA, in other operations, rebuild TensorFlow with the appropriate compiler flags.
usage: Preprocess RAID for BERT models [-h] (--local | --prod)
                                       [--sample-size SAMPLE_SIZE]
                                       [--val-frac VAL_FRAC]
                                       [--test-frac TEST_FRAC] [--no-stratify]
                                       [--tokenizer TOKENIZER]
                                       [--batch-size BATCH_SIZE]
                                       [--run-name RUN_NAME]
Preprocess RAID for BERT models: error: unrecognized arguments: --whole_dataset raid_full
